[25-Mar-2019 19:24:00 UTC] PHP Fatal error:  Uncaught exception 'PDOException' with message 'SQLSTATE[42S02]: Base table or view not found: 1146 Table 'ottermart.mp_product' doesn't exist' in /home/ubuntu/workspace/cst336/practice/p6/api/randomItemApi.php:10
Stack trace:
#0 /home/ubuntu/workspace/cst336/practice/p6/api/randomItemApi.php(10): PDOStatement->execute()
#1 {main}
  thrown in /home/ubuntu/workspace/cst336/practice/p6/api/randomItemApi.php on line 10
[25-Mar-2019 19:24:29 UTC] PHP Fatal error:  Uncaught exception 'PDOException' with message 'SQLSTATE[42000]: Syntax error or access violation: 1064 You have an error in your SQL syntax; check the manual that corresponds to your MySQL server version for the right syntax to use near ''mp_product' ORDER BY RAND() LIMIT 1' at line 1' in /home/ubuntu/workspace/cst336/practice/p6/api/randomItemApi.php:10
Stack trace:
#0 /home/ubuntu/workspace/cst336/practice/p6/api/randomItemApi.php(10): PDOStatement->execute()
#1 {main}
  thrown in /home/ubuntu/workspace/cst336/practice/p6/api/randomItemApi.php on line 10
[25-Mar-2019 19:24:33 UTC] PHP Fatal error:  Uncaught exception 'PDOException' with message 'SQLSTATE[42000]: Syntax error or access violation: 1064 You have an error in your SQL syntax; check the manual that corresponds to your MySQL server version for the right syntax to use near ''mp_product' ORDER BY RAND() LIMIT 1' at line 1' in /home/ubuntu/workspace/cst336/practice/p6/api/randomItemApi.php:10
Stack trace:
#0 /home/ubuntu/workspace/cst336/practice/p6/api/randomItemApi.php(10): PDOStatement->execute()
#1 {main}
  thrown in /home/ubuntu/workspace/cst336/practice/p6/api/randomItemApi.php on line 10
[25-Mar-2019 19:25:11 UTC] PHP Fatal error:  Uncaught exception 'PDOException' with message 'SQLSTATE[42000]: Syntax error or access violation: 1064 You have an error in your SQL syntax; check the manual that corresponds to your MySQL server version for the right syntax to use near '"FROM mp_product" ORDER BY RAND() LIMIT 1' at line 1' in /home/ubuntu/workspace/cst336/practice/p6/api/randomItemApi.php:10
Stack trace:
#0 /home/ubuntu/workspace/cst336/practice/p6/api/randomItemApi.php(10): PDOStatement->execute()
#1 {main}
  thrown in /home/ubuntu/workspace/cst336/practice/p6/api/randomItemApi.php on line 10
[25-Mar-2019 19:25:12 UTC] PHP Fatal error:  Uncaught exception 'PDOException' with message 'SQLSTATE[42000]: Syntax error or access violation: 1064 You have an error in your SQL syntax; check the manual that corresponds to your MySQL server version for the right syntax to use near '"FROM mp_product" ORDER BY RAND() LIMIT 1' at line 1' in /home/ubuntu/workspace/cst336/practice/p6/api/randomItemApi.php:10
Stack trace:
#0 /home/ubuntu/workspace/cst336/practice/p6/api/randomItemApi.php(10): PDOStatement->execute()
#1 {main}
  thrown in /home/ubuntu/workspace/cst336/practice/p6/api/randomItemApi.php on line 10
[25-Mar-2019 19:25:13 UTC] PHP Fatal error:  Uncaught exception 'PDOException' with message 'SQLSTATE[42000]: Syntax error or access violation: 1064 You have an error in your SQL syntax; check the manual that corresponds to your MySQL server version for the right syntax to use near '"FROM mp_product" ORDER BY RAND() LIMIT 1' at line 1' in /home/ubuntu/workspace/cst336/practice/p6/api/randomItemApi.php:10
Stack trace:
#0 /home/ubuntu/workspace/cst336/practice/p6/api/randomItemApi.php(10): PDOStatement->execute()
#1 {main}
  thrown in /home/ubuntu/workspace/cst336/practice/p6/api/randomItemApi.php on line 10
[25-Mar-2019 19:25:13 UTC] PHP Fatal error:  Uncaught exception 'PDOException' with message 'SQLSTATE[42000]: Syntax error or access violation: 1064 You have an error in your SQL syntax; check the manual that corresponds to your MySQL server version for the right syntax to use near '"FROM mp_product" ORDER BY RAND() LIMIT 1' at line 1' in /home/ubuntu/workspace/cst336/practice/p6/api/randomItemApi.php:10
Stack trace:
#0 /home/ubuntu/workspace/cst336/practice/p6/api/randomItemApi.php(10): PDOStatement->execute()
#1 {main}
  thrown in /home/ubuntu/workspace/cst336/practice/p6/api/randomItemApi.php on line 10
[25-Mar-2019 19:25:13 UTC] PHP Fatal error:  Uncaught exception 'PDOException' with message 'SQLSTATE[42000]: Syntax error or access violation: 1064 You have an error in your SQL syntax; check the manual that corresponds to your MySQL server version for the right syntax to use near '"FROM mp_product" ORDER BY RAND() LIMIT 1' at line 1' in /home/ubuntu/workspace/cst336/practice/p6/api/randomItemApi.php:10
Stack trace:
#0 /home/ubuntu/workspace/cst336/practice/p6/api/randomItemApi.php(10): PDOStatement->execute()
#1 {main}
  thrown in /home/ubuntu/workspace/cst336/practice/p6/api/randomItemApi.php on line 10
[25-Mar-2019 19:25:41 UTC] PHP Fatal error:  Uncaught exception 'PDOException' with message 'SQLSTATE[42000]: Syntax error or access violation: 1064 You have an error in your SQL syntax; check the manual that corresponds to your MySQL server version for the right syntax to use near ''mp_product' ORDER BY RAND() LIMIT 1' at line 1' in /home/ubuntu/workspace/cst336/practice/p6/api/randomItemApi.php:10
Stack trace:
#0 /home/ubuntu/workspace/cst336/practice/p6/api/randomItemApi.php(10): PDOStatement->execute()
#1 {main}
  thrown in /home/ubuntu/workspace/cst336/practice/p6/api/randomItemApi.php on line 10
[25-Mar-2019 19:25:42 UTC] PHP Fatal error:  Uncaught exception 'PDOException' with message 'SQLSTATE[42000]: Syntax error or access violation: 1064 You have an error in your SQL syntax; check the manual that corresponds to your MySQL server version for the right syntax to use near ''mp_product' ORDER BY RAND() LIMIT 1' at line 1' in /home/ubuntu/workspace/cst336/practice/p6/api/randomItemApi.php:10
Stack trace:
#0 /home/ubuntu/workspace/cst336/practice/p6/api/randomItemApi.php(10): PDOStatement->execute()
#1 {main}
  thrown in /home/ubuntu/workspace/cst336/practice/p6/api/randomItemApi.php on line 10
[25-Mar-2019 19:25:43 UTC] PHP Fatal error:  Uncaught exception 'PDOException' with message 'SQLSTATE[42000]: Syntax error or access violation: 1064 You have an error in your SQL syntax; check the manual that corresponds to your MySQL server version for the right syntax to use near ''mp_product' ORDER BY RAND() LIMIT 1' at line 1' in /home/ubuntu/workspace/cst336/practice/p6/api/randomItemApi.php:10
Stack trace:
#0 /home/ubuntu/workspace/cst336/practice/p6/api/randomItemApi.php(10): PDOStatement->execute()
#1 {main}
  thrown in /home/ubuntu/workspace/cst336/practice/p6/api/randomItemApi.php on line 10
[25-Mar-2019 19:25:43 UTC] PHP Fatal error:  Uncaught exception 'PDOException' with message 'SQLSTATE[42000]: Syntax error or access violation: 1064 You have an error in your SQL syntax; check the manual that corresponds to your MySQL server version for the right syntax to use near ''mp_product' ORDER BY RAND() LIMIT 1' at line 1' in /home/ubuntu/workspace/cst336/practice/p6/api/randomItemApi.php:10
Stack trace:
#0 /home/ubuntu/workspace/cst336/practice/p6/api/randomItemApi.php(10): PDOStatement->execute()
#1 {main}
  thrown in /home/ubuntu/workspace/cst336/practice/p6/api/randomItemApi.php on line 10
[25-Mar-2019 19:25:44 UTC] PHP Fatal error:  Uncaught exception 'PDOException' with message 'SQLSTATE[42000]: Syntax error or access violation: 1064 You have an error in your SQL syntax; check the manual that corresponds to your MySQL server version for the right syntax to use near ''mp_product' ORDER BY RAND() LIMIT 1' at line 1' in /home/ubuntu/workspace/cst336/practice/p6/api/randomItemApi.php:10
Stack trace:
#0 /home/ubuntu/workspace/cst336/practice/p6/api/randomItemApi.php(10): PDOStatement->execute()
#1 {main}
  thrown in /home/ubuntu/workspace/cst336/practice/p6/api/randomItemApi.php on line 10
[25-Mar-2019 19:25:44 UTC] PHP Fatal error:  Uncaught exception 'PDOException' with message 'SQLSTATE[42000]: Syntax error or access violation: 1064 You have an error in your SQL syntax; check the manual that corresponds to your MySQL server version for the right syntax to use near ''mp_product' ORDER BY RAND() LIMIT 1' at line 1' in /home/ubuntu/workspace/cst336/practice/p6/api/randomItemApi.php:10
Stack trace:
#0 /home/ubuntu/workspace/cst336/practice/p6/api/randomItemApi.php(10): PDOStatement->execute()
#1 {main}
  thrown in /home/ubuntu/workspace/cst336/practice/p6/api/randomItemApi.php on line 10
[25-Mar-2019 19:25:44 UTC] PHP Fatal error:  Uncaught exception 'PDOException' with message 'SQLSTATE[42000]: Syntax error or access violation: 1064 You have an error in your SQL syntax; check the manual that corresponds to your MySQL server version for the right syntax to use near ''mp_product' ORDER BY RAND() LIMIT 1' at line 1' in /home/ubuntu/workspace/cst336/practice/p6/api/randomItemApi.php:10
Stack trace:
#0 /home/ubuntu/workspace/cst336/practice/p6/api/randomItemApi.php(10): PDOStatement->execute()
#1 {main}
  thrown in /home/ubuntu/workspace/cst336/practice/p6/api/randomItemApi.php on line 10
[25-Mar-2019 19:25:44 UTC] PHP Fatal error:  Uncaught exception 'PDOException' with message 'SQLSTATE[42000]: Syntax error or access violation: 1064 You have an error in your SQL syntax; check the manual that corresponds to your MySQL server version for the right syntax to use near ''mp_product' ORDER BY RAND() LIMIT 1' at line 1' in /home/ubuntu/workspace/cst336/practice/p6/api/randomItemApi.php:10
Stack trace:
#0 /home/ubuntu/workspace/cst336/practice/p6/api/randomItemApi.php(10): PDOStatement->execute()
#1 {main}
  thrown in /home/ubuntu/workspace/cst336/practice/p6/api/randomItemApi.php on line 10
[25-Mar-2019 19:25:45 UTC] PHP Fatal error:  Uncaught exception 'PDOException' with message 'SQLSTATE[42000]: Syntax error or access violation: 1064 You have an error in your SQL syntax; check the manual that corresponds to your MySQL server version for the right syntax to use near ''mp_product' ORDER BY RAND() LIMIT 1' at line 1' in /home/ubuntu/workspace/cst336/practice/p6/api/randomItemApi.php:10
Stack trace:
#0 /home/ubuntu/workspace/cst336/practice/p6/api/randomItemApi.php(10): PDOStatement->execute()
#1 {main}
  thrown in /home/ubuntu/workspace/cst336/practice/p6/api/randomItemApi.php on line 10
[25-Mar-2019 19:25:45 UTC] PHP Fatal error:  Uncaught exception 'PDOException' with message 'SQLSTATE[42000]: Syntax error or access violation: 1064 You have an error in your SQL syntax; check the manual that corresponds to your MySQL server version for the right syntax to use near ''mp_product' ORDER BY RAND() LIMIT 1' at line 1' in /home/ubuntu/workspace/cst336/practice/p6/api/randomItemApi.php:10
Stack trace:
#0 /home/ubuntu/workspace/cst336/practice/p6/api/randomItemApi.php(10): PDOStatement->execute()
#1 {main}
  thrown in /home/ubuntu/workspace/cst336/practice/p6/api/randomItemApi.php on line 10
[25-Mar-2019 19:25:45 UTC] PHP Fatal error:  Uncaught exception 'PDOException' with message 'SQLSTATE[42000]: Syntax error or access violation: 1064 You have an error in your SQL syntax; check the manual that corresponds to your MySQL server version for the right syntax to use near ''mp_product' ORDER BY RAND() LIMIT 1' at line 1' in /home/ubuntu/workspace/cst336/practice/p6/api/randomItemApi.php:10
Stack trace:
#0 /home/ubuntu/workspace/cst336/practice/p6/api/randomItemApi.php(10): PDOStatement->execute()
#1 {main}
  thrown in /home/ubuntu/workspace/cst336/practice/p6/api/randomItemApi.php on line 10
[25-Mar-2019 19:25:46 UTC] PHP Fatal error:  Uncaught exception 'PDOException' with message 'SQLSTATE[42000]: Syntax error or access violation: 1064 You have an error in your SQL syntax; check the manual that corresponds to your MySQL server version for the right syntax to use near ''mp_product' ORDER BY RAND() LIMIT 1' at line 1' in /home/ubuntu/workspace/cst336/practice/p6/api/randomItemApi.php:10
Stack trace:
#0 /home/ubuntu/workspace/cst336/practice/p6/api/randomItemApi.php(10): PDOStatement->execute()
#1 {main}
  thrown in /home/ubuntu/workspace/cst336/practice/p6/api/randomItemApi.php on line 10
[25-Mar-2019 19:25:46 UTC] PHP Fatal error:  Uncaught exception 'PDOException' with message 'SQLSTATE[42000]: Syntax error or access violation: 1064 You have an error in your SQL syntax; check the manual that corresponds to your MySQL server version for the right syntax to use near ''mp_product' ORDER BY RAND() LIMIT 1' at line 1' in /home/ubuntu/workspace/cst336/practice/p6/api/randomItemApi.php:10
Stack trace:
#0 /home/ubuntu/workspace/cst336/practice/p6/api/randomItemApi.php(10): PDOStatement->execute()
#1 {main}
  thrown in /home/ubuntu/workspace/cst336/practice/p6/api/randomItemApi.php on line 10
[25-Mar-2019 19:25:46 UTC] PHP Fatal error:  Uncaught exception 'PDOException' with message 'SQLSTATE[42000]: Syntax error or access violation: 1064 You have an error in your SQL syntax; check the manual that corresponds to your MySQL server version for the right syntax to use near ''mp_product' ORDER BY RAND() LIMIT 1' at line 1' in /home/ubuntu/workspace/cst336/practice/p6/api/randomItemApi.php:10
Stack trace:
#0 /home/ubuntu/workspace/cst336/practice/p6/api/randomItemApi.php(10): PDOStatement->execute()
#1 {main}
  thrown in /home/ubuntu/workspace/cst336/practice/p6/api/randomItemApi.php on line 10
[25-Mar-2019 19:25:46 UTC] PHP Fatal error:  Uncaught exception 'PDOException' with message 'SQLSTATE[42000]: Syntax error or access violation: 1064 You have an error in your SQL syntax; check the manual that corresponds to your MySQL server version for the right syntax to use near ''mp_product' ORDER BY RAND() LIMIT 1' at line 1' in /home/ubuntu/workspace/cst336/practice/p6/api/randomItemApi.php:10
Stack trace:
#0 /home/ubuntu/workspace/cst336/practice/p6/api/randomItemApi.php(10): PDOStatement->execute()
#1 {main}
  thrown in /home/ubuntu/workspace/cst336/practice/p6/api/randomItemApi.php on line 10
[25-Mar-2019 19:25:46 UTC] PHP Fatal error:  Uncaught exception 'PDOException' with message 'SQLSTATE[42000]: Syntax error or access violation: 1064 You have an error in your SQL syntax; check the manual that corresponds to your MySQL server version for the right syntax to use near ''mp_product' ORDER BY RAND() LIMIT 1' at line 1' in /home/ubuntu/workspace/cst336/practice/p6/api/randomItemApi.php:10
Stack trace:
#0 /home/ubuntu/workspace/cst336/practice/p6/api/randomItemApi.php(10): PDOStatement->execute()
#1 {main}
  thrown in /home/ubuntu/workspace/cst336/practice/p6/api/randomItemApi.php on line 10
[25-Mar-2019 19:25:47 UTC] PHP Fatal error:  Uncaught exception 'PDOException' with message 'SQLSTATE[42000]: Syntax error or access violation: 1064 You have an error in your SQL syntax; check the manual that corresponds to your MySQL server version for the right syntax to use near ''mp_product' ORDER BY RAND() LIMIT 1' at line 1' in /home/ubuntu/workspace/cst336/practice/p6/api/randomItemApi.php:10
Stack trace:
#0 /home/ubuntu/workspace/cst336/practice/p6/api/randomItemApi.php(10): PDOStatement->execute()
#1 {main}
  thrown in /home/ubuntu/workspace/cst336/practice/p6/api/randomItemApi.php on line 10
[25-Mar-2019 19:25:47 UTC] PHP Fatal error:  Uncaught exception 'PDOException' with message 'SQLSTATE[42000]: Syntax error or access violation: 1064 You have an error in your SQL syntax; check the manual that corresponds to your MySQL server version for the right syntax to use near ''mp_product' ORDER BY RAND() LIMIT 1' at line 1' in /home/ubuntu/workspace/cst336/practice/p6/api/randomItemApi.php:10
Stack trace:
#0 /home/ubuntu/workspace/cst336/practice/p6/api/randomItemApi.php(10): PDOStatement->execute()
#1 {main}
  thrown in /home/ubuntu/workspace/cst336/practice/p6/api/randomItemApi.php on line 10
[25-Mar-2019 19:26:25 UTC] PHP Fatal error:  Uncaught exception 'PDOException' with message 'SQLSTATE[42000]: Syntax error or access violation: 1064 You have an error in your SQL syntax; check the manual that corresponds to your MySQL server version for the right syntax to use near ''mp_product' ORDER BY RAND() LIMIT 1' at line 1' in /home/ubuntu/workspace/cst336/practice/p6/api/randomItemApi.php:10
Stack trace:
#0 /home/ubuntu/workspace/cst336/practice/p6/api/randomItemApi.php(10): PDOStatement->execute()
#1 {main}
  thrown in /home/ubuntu/workspace/cst336/practice/p6/api/randomItemApi.php on line 10
[25-Mar-2019 19:26:26 UTC] PHP Fatal error:  Uncaught exception 'PDOException' with message 'SQLSTATE[42000]: Syntax error or access violation: 1064 You have an error in your SQL syntax; check the manual that corresponds to your MySQL server version for the right syntax to use near ''mp_product' ORDER BY RAND() LIMIT 1' at line 1' in /home/ubuntu/workspace/cst336/practice/p6/api/randomItemApi.php:10
Stack trace:
#0 /home/ubuntu/workspace/cst336/practice/p6/api/randomItemApi.php(10): PDOStatement->execute()
#1 {main}
  thrown in /home/ubuntu/workspace/cst336/practice/p6/api/randomItemApi.php on line 10
