[08-Mar-2019 01:44:56 UTC] PHP Fatal error:  Uncaught exception 'PDOException' with message 'SQLSTATE[42000]: Syntax error or access violation: 1064 You have an error in your SQL syntax; check the manual that corresponds to your MySQL server version for the right syntax to use near 'DESC' at line 1' in /home/ubuntu/workspace/cst336/labs/lab6/api/getProducts.php:16
Stack trace:
#0 /home/ubuntu/workspace/cst336/labs/lab6/api/getProducts.php(16): PDOStatement->execute()
#1 {main}
  thrown in /home/ubuntu/workspace/cst336/labs/lab6/api/getProducts.php on line 16
[08-Mar-2019 01:44:58 UTC] PHP Fatal error:  Uncaught exception 'PDOException' with message 'SQLSTATE[42000]: Syntax error or access violation: 1064 You have an error in your SQL syntax; check the manual that corresponds to your MySQL server version for the right syntax to use near 'DESC' at line 1' in /home/ubuntu/workspace/cst336/labs/lab6/api/getProducts.php:16
Stack trace:
#0 /home/ubuntu/workspace/cst336/labs/lab6/api/getProducts.php(16): PDOStatement->execute()
#1 {main}
  thrown in /home/ubuntu/workspace/cst336/labs/lab6/api/getProducts.php on line 16
[12-Mar-2019 23:58:41 UTC] PHP Warning:  include(../../../inc/dbConnection.php): failed to open stream: No such file or directory in /home/ubuntu/workspace/cst336/labs/lab6/api/getCategories.php on line 2
[12-Mar-2019 23:58:41 UTC] PHP Stack trace:
[12-Mar-2019 23:58:41 UTC] PHP   1. {main}() /home/ubuntu/workspace/cst336/labs/lab6/api/getCategories.php:0
[12-Mar-2019 23:58:41 UTC] PHP Warning:  include(): Failed opening '../../../inc/dbConnection.php' for inclusion (include_path='.:/usr/share/php:/usr/share/pear') in /home/ubuntu/workspace/cst336/labs/lab6/api/getCategories.php on line 2
[12-Mar-2019 23:58:41 UTC] PHP Stack trace:
[12-Mar-2019 23:58:41 UTC] PHP   1. {main}() /home/ubuntu/workspace/cst336/labs/lab6/api/getCategories.php:0
[12-Mar-2019 23:58:41 UTC] PHP Fatal error:  Call to undefined function getDatabaseConnection() in /home/ubuntu/workspace/cst336/labs/lab6/api/getCategories.php on line 3
[12-Mar-2019 23:58:41 UTC] PHP Stack trace:
[12-Mar-2019 23:58:41 UTC] PHP   1. {main}() /home/ubuntu/workspace/cst336/labs/lab6/api/getCategories.php:0
[13-Mar-2019 00:16:34 UTC] PHP Fatal error:  Uncaught exception 'PDOException' with message 'SQLSTATE[42S22]: Column not found: 1054 Unknown column 'productPrice' in 'order clause'' in /home/ubuntu/workspace/cst336/labs/lab6/api/getProducts.php:16
Stack trace:
#0 /home/ubuntu/workspace/cst336/labs/lab6/api/getProducts.php(16): PDOStatement->execute()
#1 {main}
  thrown in /home/ubuntu/workspace/cst336/labs/lab6/api/getProducts.php on line 16
[18-Mar-2019 01:50:12 UTC] PHP Fatal error:  Uncaught exception 'PDOException' with message 'SQLSTATE[HY000] [1045] Access denied for user ''@'localhost' (using password: NO)' in /home/ubuntu/workspace/cst336/labs/lab6/dbConnection.php:10
Stack trace:
#0 /home/ubuntu/workspace/cst336/labs/lab6/dbConnection.php(10): PDO->__construct('mysql:host=loca...')
#1 /home/ubuntu/workspace/cst336/labs/lab6/api/getSearchResults.php(4): getDatabaseConnection('ottermart')
#2 {main}
  thrown in /home/ubuntu/workspace/cst336/labs/lab6/dbConnection.php on line 10
[18-Mar-2019 01:50:40 UTC] PHP Fatal error:  Uncaught exception 'PDOException' with message 'SQLSTATE[HY000] [1045] Access denied for user ''@'localhost' (using password: NO)' in /home/ubuntu/workspace/cst336/labs/lab6/dbConnection.php:10
Stack trace:
#0 /home/ubuntu/workspace/cst336/labs/lab6/dbConnection.php(10): PDO->__construct('mysql:host=loca...')
#1 /home/ubuntu/workspace/cst336/labs/lab6/api/getSearchResults.php(4): getDatabaseConnection('ottermart')
#2 {main}
  thrown in /home/ubuntu/workspace/cst336/labs/lab6/dbConnection.php on line 10
[18-Mar-2019 01:53:04 UTC] PHP Fatal error:  Uncaught exception 'PDOException' with message 'SQLSTATE[HY000] [1045] Access denied for user ''@'localhost' (using password: NO)' in /home/ubuntu/workspace/cst336/labs/lab6/dbConnection.php:10
Stack trace:
#0 /home/ubuntu/workspace/cst336/labs/lab6/dbConnection.php(10): PDO->__construct('mysql:host=loca...')
#1 /home/ubuntu/workspace/cst336/labs/lab6/api/getSearchResults.php(4): getDatabaseConnection('ottermart')
#2 {main}
  thrown in /home/ubuntu/workspace/cst336/labs/lab6/dbConnection.php on line 10
[18-Mar-2019 01:56:19 UTC] PHP Fatal error:  Undefined class constant 'ERRMO_EXCEPTION' in /home/ubuntu/workspace/cst336/labs/lab6/dbConnection.php on line 14
[18-Mar-2019 01:56:19 UTC] PHP Stack trace:
[18-Mar-2019 01:56:19 UTC] PHP   1. {main}() /home/ubuntu/workspace/cst336/labs/lab6/api/getSearchResults.php:0
[18-Mar-2019 01:56:19 UTC] PHP   2. getDatabaseConnection() /home/ubuntu/workspace/cst336/labs/lab6/api/getSearchResults.php:4
[19-Mar-2019 04:04:09 UTC] PHP Fatal error:  Uncaught exception 'PDOException' with message 'SQLSTATE[42S02]: Base table or view not found: 1146 Table 'ottermart.om_category' doesn't exist' in /home/ubuntu/workspace/cst336/labs/lab6/api/getCategories.php:6
Stack trace:
#0 /home/ubuntu/workspace/cst336/labs/lab6/api/getCategories.php(6): PDOStatement->execute()
#1 {main}
  thrown in /home/ubuntu/workspace/cst336/labs/lab6/api/getCategories.php on line 6
[19-Mar-2019 04:04:11 UTC] PHP Fatal error:  Uncaught exception 'PDOException' with message 'SQLSTATE[42S02]: Base table or view not found: 1146 Table 'ottermart.om_product' doesn't exist' in /home/ubuntu/workspace/cst336/labs/lab6/api/getSearchResults.php:42
Stack trace:
#0 /home/ubuntu/workspace/cst336/labs/lab6/api/getSearchResults.php(42): PDOStatement->execute(Array)
#1 {main}
  thrown in /home/ubuntu/workspace/cst336/labs/lab6/api/getSearchResults.php on line 42
[19-Mar-2019 04:04:13 UTC] PHP Fatal error:  Uncaught exception 'PDOException' with message 'SQLSTATE[42S02]: Base table or view not found: 1146 Table 'ottermart.om_product' doesn't exist' in /home/ubuntu/workspace/cst336/labs/lab6/api/getSearchResults.php:42
Stack trace:
#0 /home/ubuntu/workspace/cst336/labs/lab6/api/getSearchResults.php(42): PDOStatement->execute(Array)
#1 {main}
  thrown in /home/ubuntu/workspace/cst336/labs/lab6/api/getSearchResults.php on line 42
[02-Apr-2019 23:40:59 UTC] PHP Fatal error:  Uncaught exception 'PDOException' with message 'SQLSTATE[42S22]: Column not found: 1054 Unknown column 'productPrice' in 'order clause'' in /home/ubuntu/workspace/cst336/labs/lab6/api/getProducts.php:13
Stack trace:
#0 /home/ubuntu/workspace/cst336/labs/lab6/api/getProducts.php(13): PDOStatement->execute()
#1 {main}
  thrown in /home/ubuntu/workspace/cst336/labs/lab6/api/getProducts.php on line 13
[02-Apr-2019 23:41:00 UTC] PHP Fatal error:  Uncaught exception 'PDOException' with message 'SQLSTATE[42S22]: Column not found: 1054 Unknown column 'productPrice' in 'order clause'' in /home/ubuntu/workspace/cst336/labs/lab6/api/getProducts.php:13
Stack trace:
#0 /home/ubuntu/workspace/cst336/labs/lab6/api/getProducts.php(13): PDOStatement->execute()
#1 {main}
  thrown in /home/ubuntu/workspace/cst336/labs/lab6/api/getProducts.php on line 13
[02-Apr-2019 23:41:02 UTC] PHP Fatal error:  Uncaught exception 'PDOException' with message 'SQLSTATE[42S22]: Column not found: 1054 Unknown column 'productPrice' in 'order clause'' in /home/ubuntu/workspace/cst336/labs/lab6/api/getProducts.php:13
Stack trace:
#0 /home/ubuntu/workspace/cst336/labs/lab6/api/getProducts.php(13): PDOStatement->execute()
#1 {main}
  thrown in /home/ubuntu/workspace/cst336/labs/lab6/api/getProducts.php on line 13
[02-Apr-2019 23:41:23 UTC] PHP Fatal error:  Uncaught exception 'PDOException' with message 'SQLSTATE[42S22]: Column not found: 1054 Unknown column 'productPrice' in 'order clause'' in /home/ubuntu/workspace/cst336/labs/lab6/api/getProducts.php:13
Stack trace:
#0 /home/ubuntu/workspace/cst336/labs/lab6/api/getProducts.php(13): PDOStatement->execute()
#1 {main}
  thrown in /home/ubuntu/workspace/cst336/labs/lab6/api/getProducts.php on line 13
