[13-Dec-2018 18:52:48 UTC] PHP Fatal error:  Uncaught exception 'PDOException' with message 'SQLSTATE[HY000] [1045] Access denied for user 'sampopl25'@'localhost' (using password: NO)' in /home/ubuntu/workspace/cst352/FinalProject/sql/vGconnection.php:20
Stack trace:
#0 /home/ubuntu/workspace/cst352/FinalProject/sql/vGconnection.php(20): PDO->__construct('mysql:host=loca...', 'sampopl25', '')
#1 /home/ubuntu/workspace/cst352/FinalProject/api/GetGameInfo.php(5): dbConnection('c9')
#2 {main}
  thrown in /home/ubuntu/workspace/cst352/FinalProject/sql/vGconnection.php on line 20
[13-Dec-2018 18:52:49 UTC] PHP Fatal error:  Uncaught exception 'PDOException' with message 'SQLSTATE[HY000] [1045] Access denied for user 'sampopl25'@'localhost' (using password: NO)' in /home/ubuntu/workspace/cst352/FinalProject/sql/vGconnection.php:20
Stack trace:
#0 /home/ubuntu/workspace/cst352/FinalProject/sql/vGconnection.php(20): PDO->__construct('mysql:host=loca...', 'sampopl25', '')
#1 /home/ubuntu/workspace/cst352/FinalProject/api/GetGameInfo.php(5): dbConnection('c9')
#2 {main}
  thrown in /home/ubuntu/workspace/cst352/FinalProject/sql/vGconnection.php on line 20
[13-Dec-2018 18:52:50 UTC] PHP Fatal error:  Uncaught exception 'PDOException' with message 'SQLSTATE[HY000] [1045] Access denied for user 'sampopl25'@'localhost' (using password: NO)' in /home/ubuntu/workspace/cst352/FinalProject/sql/vGconnection.php:20
Stack trace:
#0 /home/ubuntu/workspace/cst352/FinalProject/sql/vGconnection.php(20): PDO->__construct('mysql:host=loca...', 'sampopl25', '')
#1 /home/ubuntu/workspace/cst352/FinalProject/api/GetGameInfo.php(5): dbConnection('c9')
#2 {main}
  thrown in /home/ubuntu/workspace/cst352/FinalProject/sql/vGconnection.php on line 20
[13-Dec-2018 18:52:50 UTC] PHP Fatal error:  Uncaught exception 'PDOException' with message 'SQLSTATE[HY000] [1045] Access denied for user 'sampopl25'@'localhost' (using password: NO)' in /home/ubuntu/workspace/cst352/FinalProject/sql/vGconnection.php:20
Stack trace:
#0 /home/ubuntu/workspace/cst352/FinalProject/sql/vGconnection.php(20): PDO->__construct('mysql:host=loca...', 'sampopl25', '')
#1 /home/ubuntu/workspace/cst352/FinalProject/api/GetGameInfo.php(5): dbConnection('c9')
#2 {main}
  thrown in /home/ubuntu/workspace/cst352/FinalProject/sql/vGconnection.php on line 20
[13-Dec-2018 18:52:50 UTC] PHP Fatal error:  Uncaught exception 'PDOException' with message 'SQLSTATE[HY000] [1045] Access denied for user 'sampopl25'@'localhost' (using password: NO)' in /home/ubuntu/workspace/cst352/FinalProject/sql/vGconnection.php:20
Stack trace:
#0 /home/ubuntu/workspace/cst352/FinalProject/sql/vGconnection.php(20): PDO->__construct('mysql:host=loca...', 'sampopl25', '')
#1 /home/ubuntu/workspace/cst352/FinalProject/api/GetGameInfo.php(5): dbConnection('c9')
#2 {main}
  thrown in /home/ubuntu/workspace/cst352/FinalProject/sql/vGconnection.php on line 20
[13-Dec-2018 18:56:52 UTC] PHP Fatal error:  Uncaught exception 'PDOException' with message 'SQLSTATE[42S02]: Base table or view not found: 1146 Table 'c9.videoGames' doesn't exist' in /home/ubuntu/workspace/cst352/FinalProject/api/GetGameInfo.php:20
Stack trace:
#0 /home/ubuntu/workspace/cst352/FinalProject/api/GetGameInfo.php(20): PDOStatement->execute(Array)
#1 /home/ubuntu/workspace/cst352/FinalProject/api/GetGameInfo.php(25): getGameInfo()
#2 {main}
  thrown in /home/ubuntu/workspace/cst352/FinalProject/api/GetGameInfo.php on line 20
[13-Dec-2018 18:56:59 UTC] PHP Fatal error:  Uncaught exception 'PDOException' with message 'SQLSTATE[42S02]: Base table or view not found: 1146 Table 'c9.videoGames' doesn't exist' in /home/ubuntu/workspace/cst352/FinalProject/api/GetGameInfo.php:20
Stack trace:
#0 /home/ubuntu/workspace/cst352/FinalProject/api/GetGameInfo.php(20): PDOStatement->execute(Array)
#1 /home/ubuntu/workspace/cst352/FinalProject/api/GetGameInfo.php(25): getGameInfo()
#2 {main}
  thrown in /home/ubuntu/workspace/cst352/FinalProject/api/GetGameInfo.php on line 20
[13-Dec-2018 18:57:00 UTC] PHP Fatal error:  Uncaught exception 'PDOException' with message 'SQLSTATE[42S02]: Base table or view not found: 1146 Table 'c9.videoGames' doesn't exist' in /home/ubuntu/workspace/cst352/FinalProject/api/GetGameInfo.php:20
Stack trace:
#0 /home/ubuntu/workspace/cst352/FinalProject/api/GetGameInfo.php(20): PDOStatement->execute(Array)
#1 /home/ubuntu/workspace/cst352/FinalProject/api/GetGameInfo.php(25): getGameInfo()
#2 {main}
  thrown in /home/ubuntu/workspace/cst352/FinalProject/api/GetGameInfo.php on line 20
[13-Dec-2018 18:57:01 UTC] PHP Fatal error:  Uncaught exception 'PDOException' with message 'SQLSTATE[42S02]: Base table or view not found: 1146 Table 'c9.videoGames' doesn't exist' in /home/ubuntu/workspace/cst352/FinalProject/api/GetGameInfo.php:20
Stack trace:
#0 /home/ubuntu/workspace/cst352/FinalProject/api/GetGameInfo.php(20): PDOStatement->execute(Array)
#1 /home/ubuntu/workspace/cst352/FinalProject/api/GetGameInfo.php(25): getGameInfo()
#2 {main}
  thrown in /home/ubuntu/workspace/cst352/FinalProject/api/GetGameInfo.php on line 20
[13-Dec-2018 19:07:22 UTC] PHP Fatal error:  Uncaught exception 'PDOException' with message 'SQLSTATE[42S02]: Base table or view not found: 1146 Table 'c9.videoGames' doesn't exist' in /home/ubuntu/workspace/cst352/FinalProject/api/GetGameInfo.php:20
Stack trace:
#0 /home/ubuntu/workspace/cst352/FinalProject/api/GetGameInfo.php(20): PDOStatement->execute(Array)
#1 /home/ubuntu/workspace/cst352/FinalProject/api/GetGameInfo.php(25): getGameInfo()
#2 {main}
  thrown in /home/ubuntu/workspace/cst352/FinalProject/api/GetGameInfo.php on line 20
[07-May-2019 02:13:43 UTC] PHP Fatal error:  Uncaught exception 'PDOException' with message 'SQLSTATE[HY000] [1049] Unknown database 'vidBox'' in /home/ubuntu/workspace/shoeStore/kye/sql/vGconnection.php:20
Stack trace:
#0 /home/ubuntu/workspace/shoeStore/kye/sql/vGconnection.php(20): PDO->__construct('mysql:host=loca...', 'root', '')
#1 /home/ubuntu/workspace/shoeStore/kye/api/GetGameInfo.php(5): dbConnection('vidBox')
#2 {main}
  thrown in /home/ubuntu/workspace/shoeStore/kye/sql/vGconnection.php on line 20
[07-May-2019 23:26:48 UTC] PHP Fatal error:  Uncaught exception 'PDOException' with message 'SQLSTATE[HY000] [1049] Unknown database 'vidBox'' in /home/ubuntu/workspace/shoeStore/kye/sql/vGconnection.php:20
Stack trace:
#0 /home/ubuntu/workspace/shoeStore/kye/sql/vGconnection.php(20): PDO->__construct('mysql:host=loca...', 'root', '')
#1 /home/ubuntu/workspace/shoeStore/kye/api/GetGameInfo.php(5): dbConnection('vidBox')
#2 {main}
  thrown in /home/ubuntu/workspace/shoeStore/kye/sql/vGconnection.php on line 20
[07-May-2019 23:26:52 UTC] PHP Fatal error:  Uncaught exception 'PDOException' with message 'SQLSTATE[HY000] [1049] Unknown database 'vidBox'' in /home/ubuntu/workspace/shoeStore/kye/sql/vGconnection.php:20
Stack trace:
#0 /home/ubuntu/workspace/shoeStore/kye/sql/vGconnection.php(20): PDO->__construct('mysql:host=loca...', 'root', '')
#1 /home/ubuntu/workspace/shoeStore/kye/api/GetGameInfo.php(5): dbConnection('vidBox')
#2 {main}
  thrown in /home/ubuntu/workspace/shoeStore/kye/sql/vGconnection.php on line 20
[07-May-2019 23:26:53 UTC] PHP Fatal error:  Uncaught exception 'PDOException' with message 'SQLSTATE[HY000] [1049] Unknown database 'vidBox'' in /home/ubuntu/workspace/shoeStore/kye/sql/vGconnection.php:20
Stack trace:
#0 /home/ubuntu/workspace/shoeStore/kye/sql/vGconnection.php(20): PDO->__construct('mysql:host=loca...', 'root', '')
#1 /home/ubuntu/workspace/shoeStore/kye/api/GetGameInfo.php(5): dbConnection('vidBox')
#2 {main}
  thrown in /home/ubuntu/workspace/shoeStore/kye/sql/vGconnection.php on line 20
[07-May-2019 23:26:53 UTC] PHP Fatal error:  Uncaught exception 'PDOException' with message 'SQLSTATE[HY000] [1049] Unknown database 'vidBox'' in /home/ubuntu/workspace/shoeStore/kye/sql/vGconnection.php:20
Stack trace:
#0 /home/ubuntu/workspace/shoeStore/kye/sql/vGconnection.php(20): PDO->__construct('mysql:host=loca...', 'root', '')
#1 /home/ubuntu/workspace/shoeStore/kye/api/GetGameInfo.php(5): dbConnection('vidBox')
#2 {main}
  thrown in /home/ubuntu/workspace/shoeStore/kye/sql/vGconnection.php on line 20
[07-May-2019 23:26:54 UTC] PHP Fatal error:  Uncaught exception 'PDOException' with message 'SQLSTATE[HY000] [1049] Unknown database 'vidBox'' in /home/ubuntu/workspace/shoeStore/kye/sql/vGconnection.php:20
Stack trace:
#0 /home/ubuntu/workspace/shoeStore/kye/sql/vGconnection.php(20): PDO->__construct('mysql:host=loca...', 'root', '')
#1 /home/ubuntu/workspace/shoeStore/kye/api/GetGameInfo.php(5): dbConnection('vidBox')
#2 {main}
  thrown in /home/ubuntu/workspace/shoeStore/kye/sql/vGconnection.php on line 20
