[05-Apr-2019 00:02:38 UTC] PHP Fatal error:  Uncaught exception 'PDOException' with message 'SQLSTATE[42000]: Syntax error or access violation: 1064 You have an error in your SQL syntax; check the manual that corresponds to your MySQL server version for the right syntax to use near '' at line 1' in /home/ubuntu/workspace/cst336/labs/lab7/api/getProductInfo.php:15
Stack trace:
#0 /home/ubuntu/workspace/cst336/labs/lab7/api/getProductInfo.php(15): PDOStatement->execute()
#1 {main}
  thrown in /home/ubuntu/workspace/cst336/labs/lab7/api/getProductInfo.php on line 15
[05-Apr-2019 00:02:42 UTC] PHP Fatal error:  Uncaught exception 'PDOException' with message 'SQLSTATE[42000]: Syntax error or access violation: 1064 You have an error in your SQL syntax; check the manual that corresponds to your MySQL server version for the right syntax to use near '' at line 1' in /home/ubuntu/workspace/cst336/labs/lab7/api/getProductInfo.php:15
Stack trace:
#0 /home/ubuntu/workspace/cst336/labs/lab7/api/getProductInfo.php(15): PDOStatement->execute()
#1 {main}
  thrown in /home/ubuntu/workspace/cst336/labs/lab7/api/getProductInfo.php on line 15
[05-Apr-2019 00:07:51 UTC] PHP Fatal error:  Uncaught exception 'PDOException' with message 'SQLSTATE[42000]: Syntax error or access violation: 1064 You have an error in your SQL syntax; check the manual that corresponds to your MySQL server version for the right syntax to use near '' at line 1' in /home/ubuntu/workspace/cst336/labs/lab7/api/getProductInfo.php:15
Stack trace:
#0 /home/ubuntu/workspace/cst336/labs/lab7/api/getProductInfo.php(15): PDOStatement->execute()
#1 {main}
  thrown in /home/ubuntu/workspace/cst336/labs/lab7/api/getProductInfo.php on line 15
[05-Apr-2019 00:16:23 UTC] PHP Fatal error:  Uncaught exception 'PDOException' with message 'SQLSTATE[42000]: Syntax error or access violation: 1064 You have an error in your SQL syntax; check the manual that corresponds to your MySQL server version for the right syntax to use near '' at line 1' in /home/ubuntu/workspace/cst336/labs/lab7/api/getProductInfo.php:15
Stack trace:
#0 /home/ubuntu/workspace/cst336/labs/lab7/api/getProductInfo.php(15): PDOStatement->execute()
#1 {main}
  thrown in /home/ubuntu/workspace/cst336/labs/lab7/api/getProductInfo.php on line 15
[11-Apr-2019 21:19:00 UTC] PHP Fatal error:  Uncaught exception 'PDOException' with message 'SQLSTATE[42S22]: Column not found: 1054 Unknown column 'productPrice' in 'field list'' in /home/ubuntu/workspace/cst336/labs/lab7/api/updateProductAPI.php:32
Stack trace:
#0 /home/ubuntu/workspace/cst336/labs/lab7/api/updateProductAPI.php(32): PDOStatement->execute(Array)
#1 {main}
  thrown in /home/ubuntu/workspace/cst336/labs/lab7/api/updateProductAPI.php on line 32
